This file contains any messages produced by compilers while
running configure, to aid debugging if configure makes a mistake.

It was created by TLA+ Proof System configure 1.5.0, which was
generated by GNU Autoconf 2.69.  Invocation command line was

  $ ./configure --prefix=/home/ovini/NFMDemo/

## --------- ##
## Platform. ##
## --------- ##

hostname = ovini-ThinkPad-L14-Gen-2
uname -m = x86_64
uname -r = 5.14.0-1056-oem
uname -s = Linux
uname -v = #63-Ubuntu SMP Fri Dec 16 14:32:59 UTC 2022

/usr/bin/uname -p = x86_64
/bin/uname -X     = unknown

/bin/arch              = x86_64
/usr/bin/arch -k       = unknown
/usr/convex/getsysinfo = unknown
/usr/bin/hostinfo      = unknown
/bin/machine           = unknown
/usr/bin/oslevel       = unknown
/bin/universe          = unknown

PATH: /home/ovini/.local/bin
PATH: /usr/local/sbin
PATH: /usr/local/bin
PATH: /usr/sbin
PATH: /usr/bin
PATH: /sbin
PATH: /bin
PATH: /usr/games
PATH: /usr/local/games
PATH: /snap/bin
PATH: /snap/bin


## ----------- ##
## Core tests. ##
## ----------- ##

configure:1742: checking build system type
configure:1756: result: x86_64-unknown-linux-gnu
configure:1776: checking host system type
configure:1789: result: x86_64-unknown-linux-gnu
configure:1845: checking for tar
configure:1863: found /usr/bin/tar
configure:1876: result: /usr/bin/tar
configure:1892: checking for wget
configure:1910: found /usr/bin/wget
configure:1922: result: /usr/bin/wget
configure:1948: checking for ocamlc.opt
configure:1981: result: no
configure:1999: checking for gawk
configure:2029: result: no
configure:1999: checking for mawk
configure:2015: found /usr/bin/mawk
configure:2026: result: mawk
configure:2089: checking for a BSD-compatible install
configure:2157: result: /usr/bin/install -c
configure:2322: creating ./config.status

## ---------------------- ##
## Running config.status. ##
## ---------------------- ##

This file was extended by TLA+ Proof System config.status 1.5.0, which was
generated by GNU Autoconf 2.69.  Invocation command line was

  CONFIG_FILES    = 
  CONFIG_HEADERS  = 
  CONFIG_LINKS    = 
  CONFIG_COMMANDS = 
  $ ./config.status 

on ovini-ThinkPad-L14-Gen-2

config.status:739: creating Makefile
config.status:739: creating src/config.ml
config.status:739: creating src/load.ml
config.status:739: creating tools/installer/tlaps-release.sh
config.status:739: creating tools/installer/tlaps-source-release.sh

## ---------------- ##
## Cache variables. ##
## ---------------- ##

ac_cv_build=x86_64-unknown-linux-gnu
ac_cv_env_build_alias_set=
ac_cv_env_build_alias_value=
ac_cv_env_host_alias_set=
ac_cv_env_host_alias_value=
ac_cv_env_target_alias_set=
ac_cv_env_target_alias_value=
ac_cv_host=x86_64-unknown-linux-gnu
ac_cv_path_TAR=/usr/bin/tar
ac_cv_path_WGET=/usr/bin/wget
ac_cv_path_install='/usr/bin/install -c'
ac_cv_prog_AWK=mawk

## ----------------- ##
## Output variables. ##
## ----------------- ##

AWK='mawk'
DEFS='-DPACKAGE_NAME=\"TLA+\ Proof\ System\" -DPACKAGE_TARNAME=\"tlaps\" -DPACKAGE_VERSION=\"1.5.0\" -DPACKAGE_STRING=\"TLA+\ Proof\ System\ 1.5.0\" -DPACKAGE_BUGREPORT=\"tlaps-devel@lists.gforge.inria.fr\" -DPACKAGE_URL=\"\"'
ECHO_C=''
ECHO_N='-n'
ECHO_T=''
EXE=''
INSTALL_DATA='${INSTALL} -m 644'
INSTALL_PROGRAM='${INSTALL}'
INSTALL_SCRIPT='${INSTALL}'
LIBOBJS=''
LIBS=''
LTLIBOBJS=''
OCAMLC='ocamlc'
OCAMLCVER='4.13.1'
PACKAGE_BUGREPORT='tlaps-devel@lists.gforge.inria.fr'
PACKAGE_NAME='TLA+ Proof System'
PACKAGE_STRING='TLA+ Proof System 1.5.0'
PACKAGE_TARNAME='tlaps'
PACKAGE_URL=''
PACKAGE_VERSION='1.5.0'
PATH_SEPARATOR=':'
RELEASEVERSION='1.4.4'
SHELL='/bin/bash'
TAR='/usr/bin/tar'
VERSION='1.5.0'
WGET='/usr/bin/wget -q'
bindir='${exec_prefix}/bin'
build='x86_64-unknown-linux-gnu'
build_alias=''
build_cpu='x86_64'
build_os='linux-gnu'
build_vendor='unknown'
datadir='${datarootdir}'
datarootdir='${prefix}/share'
docdir='${datarootdir}/doc/${PACKAGE_TARNAME}'
dvidir='${docdir}'
enable_debugging='no'
enable_profiling='no'
exec_prefix='${prefix}'
host='x86_64-unknown-linux-gnu'
host_alias=''
host_cpu='x86_64'
host_os='linux-gnu'
host_vendor='unknown'
htmldir='${docdir}'
includedir='${prefix}/include'
infodir='${datarootdir}/info'
libdir='${exec_prefix}/lib'
libexecdir='${exec_prefix}/libexec'
localedir='${datarootdir}/locale'
localstatedir='${prefix}/var'
mandir='${datarootdir}/man'
oldincludedir='/usr/include'
pdfdir='${docdir}'
prefix='/home/ovini/NFMDemo'
program_transform_name='s,x,x,'
psdir='${docdir}'
sbindir='${exec_prefix}/sbin'
sharedstatedir='${prefix}/com'
sysconfdir='${prefix}/etc'
target_alias=''

## ----------- ##
## confdefs.h. ##
## ----------- ##

/* confdefs.h */
#define PACKAGE_NAME "TLA+ Proof System"
#define PACKAGE_TARNAME "tlaps"
#define PACKAGE_VERSION "1.5.0"
#define PACKAGE_STRING "TLA+ Proof System 1.5.0"
#define PACKAGE_BUGREPORT "tlaps-devel@lists.gforge.inria.fr"
#define PACKAGE_URL ""

configure: exit 0
